10:29:29 INFO  : Registering command handlers for SDK TCF services
10:29:31 INFO  : Launching XSCT server: xsct.bat -interactive D:\DEV\ESIF\Task2\ESIF_Task2\Subtask2\ESIFTask2_2.sdk\temp_xsdb_launch_script.tcl
10:29:36 INFO  : XSCT server has started successfully.
10:29:36 INFO  : Successfully done setting XSCT server connection channel  
10:29:58 INFO  : Successfully done setting SDK workspace  
10:29:58 INFO  : Processing command line option -hwspec D:/DEV/ESIF/Task2/ESIF_Task2/Subtask2/ESIFTask2_2.sdk/ESIFTask2_2_bd_wrapper.hdf.
11:05:10 INFO  : Connected to target on host '127.0.0.1' and port '3121'.
11:05:11 INFO  : 'targets -set -filter {jtag_cable_name =~ "Digilent Zed 210248A49C81" && level==0} -index 1' command is executed.
11:05:14 INFO  : FPGA configured successfully with bitstream "D:/DEV/ESIF/Task2/ESIF_Task2/Subtask2/ESIFTask2_2.sdk/ESIFTask2_2_bd_wrapper_hw_platform_0/ESIFTask2_2_bd_wrapper.bit"
11:05:32 INFO  : 'targets -set -filter {jtag_cable_name =~ "Digilent Zed 210248A49C81" && level==0} -index 1' command is executed.
11:05:32 INFO  : 'fpga -state' command is executed.
11:05:32 INFO  : Connected to target on host '127.0.0.1' and port '3121'.
11:05:32 INFO  : Jtag cable 'Digilent Zed 210248A49C81' is selected.
11:05:32 INFO  : 'jtag frequency' command is executed.
11:05:32 INFO  : Sourcing of 'D:/DEV/ESIF/Task2/ESIF_Task2/Subtask2/ESIFTask2_2.sdk/ESIFTask2_2_bd_wrapper_hw_platform_0/ps7_init.tcl' is done.
11:05:32 INFO  : Context for 'APU' is selected.
11:05:32 INFO  : Hardware design information is loaded from 'D:/DEV/ESIF/Task2/ESIF_Task2/Subtask2/ESIFTask2_2.sdk/ESIFTask2_2_bd_wrapper_hw_platform_0/system.hdf'.
11:05:32 INFO  : 'configparams force-mem-access 1' command is executed.
11:05:32 INFO  : Context for 'APU' is selected.
11:05:32 INFO  : 'stop' command is executed.
11:05:32 INFO  : 'ps7_init' command is executed.
11:05:33 INFO  : 'ps7_post_config' command is executed.
11:05:33 INFO  : Context for processor 'ps7_cortexa9_0' is selected.
11:05:33 INFO  : Processor reset is completed for 'ps7_cortexa9_0'.
11:05:33 INFO  : Context for processor 'ps7_cortexa9_0' is selected.
11:05:33 INFO  : The application 'D:/DEV/ESIF/Task2/ESIF_Task2/Subtask2/ESIFTask2_2.sdk/ESIFTask2_2_app/Debug/ESIFTask2_2_app.elf' is downloaded to processor 'ps7_cortexa9_0'.
11:05:33 INFO  : 'configparams force-mem-access 0' command is executed.
11:05:33 INFO  : ----------------XSDB Script----------------
connect -url tcp:127.0.0.1:3121
source D:/DEV/ESIF/Task2/ESIF_Task2/Subtask2/ESIFTask2_2.sdk/ESIFTask2_2_bd_wrapper_hw_platform_0/ps7_init.tcl
targets -set -nocase -filter {name =~"APU*" && jtag_cable_name =~ "Digilent Zed 210248A49C81"} -index 0
loadhw -hw D:/DEV/ESIF/Task2/ESIF_Task2/Subtask2/ESIFTask2_2.sdk/ESIFTask2_2_bd_wrapper_hw_platform_0/system.hdf -mem-ranges [list {0x40000000 0xbfffffff}]
configparams force-mem-access 1
targets -set -nocase -filter {name =~"APU*" && jtag_cable_name =~ "Digilent Zed 210248A49C81"} -index 0
stop
ps7_init
ps7_post_config
targets -set -nocase -filter {name =~ "ARM*#0" && jtag_cable_name =~ "Digilent Zed 210248A49C81"} -index 0
rst -processor
targets -set -nocase -filter {name =~ "ARM*#0" && jtag_cable_name =~ "Digilent Zed 210248A49C81"} -index 0
dow D:/DEV/ESIF/Task2/ESIF_Task2/Subtask2/ESIFTask2_2.sdk/ESIFTask2_2_app/Debug/ESIFTask2_2_app.elf
configparams force-mem-access 0
----------------End of Script----------------

11:05:33 INFO  : Memory regions updated for context APU
11:05:33 INFO  : Context for processor 'ps7_cortexa9_0' is selected.
11:05:33 INFO  : 'con' command is executed.
11:05:33 INFO  : ----------------XSDB Script (After Launch)----------------
targets -set -nocase -filter {name =~ "ARM*#0" && jtag_cable_name =~ "Digilent Zed 210248A49C81"} -index 0
con
----------------End of Script----------------

11:05:33 INFO  : Launch script is exported to file 'D:\DEV\ESIF\Task2\ESIF_Task2\Subtask2\ESIFTask2_2.sdk\.sdk\launch_scripts\xilinx_c-c++_application_(system_debugger)\system_debugger_using_debug_esiftask2_2_app.elf_on_local.tcl'
11:08:39 INFO  : Disconnected from the channel tcfchan#1.
11:08:40 INFO  : 'targets -set -filter {jtag_cable_name =~ "Digilent Zed 210248A49C81" && level==0} -index 1' command is executed.
11:08:40 INFO  : 'fpga -state' command is executed.
11:08:40 INFO  : Connected to target on host '127.0.0.1' and port '3121'.
11:08:40 INFO  : Jtag cable 'Digilent Zed 210248A49C81' is selected.
11:08:40 INFO  : 'jtag frequency' command is executed.
11:08:40 INFO  : Sourcing of 'D:/DEV/ESIF/Task2/ESIF_Task2/Subtask2/ESIFTask2_2.sdk/ESIFTask2_2_bd_wrapper_hw_platform_0/ps7_init.tcl' is done.
11:08:40 INFO  : Context for 'APU' is selected.
11:08:42 INFO  : Hardware design information is loaded from 'D:/DEV/ESIF/Task2/ESIF_Task2/Subtask2/ESIFTask2_2.sdk/ESIFTask2_2_bd_wrapper_hw_platform_0/system.hdf'.
11:08:42 INFO  : 'configparams force-mem-access 1' command is executed.
11:08:42 INFO  : Context for 'APU' is selected.
11:08:42 INFO  : 'stop' command is executed.
11:08:42 INFO  : 'ps7_init' command is executed.
11:08:42 INFO  : 'ps7_post_config' command is executed.
11:08:42 INFO  : Context for processor 'ps7_cortexa9_0' is selected.
11:08:42 INFO  : Processor reset is completed for 'ps7_cortexa9_0'.
11:08:43 INFO  : Context for processor 'ps7_cortexa9_0' is selected.
11:08:43 INFO  : The application 'D:/DEV/ESIF/Task2/ESIF_Task2/Subtask2/ESIFTask2_2.sdk/ESIFTask2_2_app/Debug/ESIFTask2_2_app.elf' is downloaded to processor 'ps7_cortexa9_0'.
11:08:43 INFO  : 'configparams force-mem-access 0' command is executed.
11:08:43 INFO  : ----------------XSDB Script----------------
connect -url tcp:127.0.0.1:3121
source D:/DEV/ESIF/Task2/ESIF_Task2/Subtask2/ESIFTask2_2.sdk/ESIFTask2_2_bd_wrapper_hw_platform_0/ps7_init.tcl
targets -set -nocase -filter {name =~"APU*" && jtag_cable_name =~ "Digilent Zed 210248A49C81"} -index 0
loadhw -hw D:/DEV/ESIF/Task2/ESIF_Task2/Subtask2/ESIFTask2_2.sdk/ESIFTask2_2_bd_wrapper_hw_platform_0/system.hdf -mem-ranges [list {0x40000000 0xbfffffff}]
configparams force-mem-access 1
targets -set -nocase -filter {name =~"APU*" && jtag_cable_name =~ "Digilent Zed 210248A49C81"} -index 0
stop
ps7_init
ps7_post_config
targets -set -nocase -filter {name =~ "ARM*#0" && jtag_cable_name =~ "Digilent Zed 210248A49C81"} -index 0
rst -processor
targets -set -nocase -filter {name =~ "ARM*#0" && jtag_cable_name =~ "Digilent Zed 210248A49C81"} -index 0
dow D:/DEV/ESIF/Task2/ESIF_Task2/Subtask2/ESIFTask2_2.sdk/ESIFTask2_2_app/Debug/ESIFTask2_2_app.elf
configparams force-mem-access 0
----------------End of Script----------------

11:08:43 INFO  : Memory regions updated for context APU
11:08:43 INFO  : Context for processor 'ps7_cortexa9_0' is selected.
11:08:43 INFO  : 'con' command is executed.
11:08:43 INFO  : ----------------XSDB Script (After Launch)----------------
targets -set -nocase -filter {name =~ "ARM*#0" && jtag_cable_name =~ "Digilent Zed 210248A49C81"} -index 0
con
----------------End of Script----------------

11:08:43 INFO  : Launch script is exported to file 'D:\DEV\ESIF\Task2\ESIF_Task2\Subtask2\ESIFTask2_2.sdk\.sdk\launch_scripts\xilinx_c-c++_application_(system_debugger)\system_debugger_using_debug_esiftask2_2_app.elf_on_local.tcl'
11:10:48 INFO  : Disconnected from the channel tcfchan#2.
11:10:49 INFO  : 'targets -set -filter {jtag_cable_name =~ "Digilent Zed 210248A49C81" && level==0} -index 1' command is executed.
11:10:49 INFO  : 'fpga -state' command is executed.
11:10:49 INFO  : Connected to target on host '127.0.0.1' and port '3121'.
11:10:50 INFO  : Jtag cable 'Digilent Zed 210248A49C81' is selected.
11:10:50 INFO  : 'jtag frequency' command is executed.
11:10:50 INFO  : Sourcing of 'D:/DEV/ESIF/Task2/ESIF_Task2/Subtask2/ESIFTask2_2.sdk/ESIFTask2_2_bd_wrapper_hw_platform_0/ps7_init.tcl' is done.
11:10:50 INFO  : Context for 'APU' is selected.
11:10:52 INFO  : Hardware design information is loaded from 'D:/DEV/ESIF/Task2/ESIF_Task2/Subtask2/ESIFTask2_2.sdk/ESIFTask2_2_bd_wrapper_hw_platform_0/system.hdf'.
11:10:52 INFO  : 'configparams force-mem-access 1' command is executed.
11:10:52 INFO  : Context for 'APU' is selected.
11:10:52 INFO  : 'stop' command is executed.
11:10:52 INFO  : 'ps7_init' command is executed.
11:10:52 INFO  : 'ps7_post_config' command is executed.
11:10:52 INFO  : Context for processor 'ps7_cortexa9_0' is selected.
11:10:52 INFO  : Processor reset is completed for 'ps7_cortexa9_0'.
11:10:52 INFO  : Context for processor 'ps7_cortexa9_0' is selected.
11:10:52 INFO  : The application 'D:/DEV/ESIF/Task2/ESIF_Task2/Subtask2/ESIFTask2_2.sdk/ESIFTask2_2_app/Debug/ESIFTask2_2_app.elf' is downloaded to processor 'ps7_cortexa9_0'.
11:10:52 INFO  : 'configparams force-mem-access 0' command is executed.
11:10:52 INFO  : ----------------XSDB Script----------------
connect -url tcp:127.0.0.1:3121
source D:/DEV/ESIF/Task2/ESIF_Task2/Subtask2/ESIFTask2_2.sdk/ESIFTask2_2_bd_wrapper_hw_platform_0/ps7_init.tcl
targets -set -nocase -filter {name =~"APU*" && jtag_cable_name =~ "Digilent Zed 210248A49C81"} -index 0
loadhw -hw D:/DEV/ESIF/Task2/ESIF_Task2/Subtask2/ESIFTask2_2.sdk/ESIFTask2_2_bd_wrapper_hw_platform_0/system.hdf -mem-ranges [list {0x40000000 0xbfffffff}]
configparams force-mem-access 1
targets -set -nocase -filter {name =~"APU*" && jtag_cable_name =~ "Digilent Zed 210248A49C81"} -index 0
stop
ps7_init
ps7_post_config
targets -set -nocase -filter {name =~ "ARM*#0" && jtag_cable_name =~ "Digilent Zed 210248A49C81"} -index 0
rst -processor
targets -set -nocase -filter {name =~ "ARM*#0" && jtag_cable_name =~ "Digilent Zed 210248A49C81"} -index 0
dow D:/DEV/ESIF/Task2/ESIF_Task2/Subtask2/ESIFTask2_2.sdk/ESIFTask2_2_app/Debug/ESIFTask2_2_app.elf
configparams force-mem-access 0
----------------End of Script----------------

11:10:52 INFO  : Memory regions updated for context APU
11:10:52 INFO  : Context for processor 'ps7_cortexa9_0' is selected.
11:10:52 INFO  : 'con' command is executed.
11:10:52 INFO  : ----------------XSDB Script (After Launch)----------------
targets -set -nocase -filter {name =~ "ARM*#0" && jtag_cable_name =~ "Digilent Zed 210248A49C81"} -index 0
con
----------------End of Script----------------

11:10:52 INFO  : Launch script is exported to file 'D:\DEV\ESIF\Task2\ESIF_Task2\Subtask2\ESIFTask2_2.sdk\.sdk\launch_scripts\xilinx_c-c++_application_(system_debugger)\system_debugger_using_debug_esiftask2_2_app.elf_on_local.tcl'
11:12:05 INFO  : Disconnected from the channel tcfchan#3.
11:12:07 INFO  : 'targets -set -filter {jtag_cable_name =~ "Digilent Zed 210248A49C81" && level==0} -index 1' command is executed.
11:12:07 INFO  : 'fpga -state' command is executed.
11:12:07 INFO  : Connected to target on host '127.0.0.1' and port '3121'.
11:12:07 INFO  : Jtag cable 'Digilent Zed 210248A49C81' is selected.
11:12:07 INFO  : 'jtag frequency' command is executed.
11:12:07 INFO  : Sourcing of 'D:/DEV/ESIF/Task2/ESIF_Task2/Subtask2/ESIFTask2_2.sdk/ESIFTask2_2_bd_wrapper_hw_platform_0/ps7_init.tcl' is done.
11:12:07 INFO  : Context for 'APU' is selected.
11:12:09 INFO  : Hardware design information is loaded from 'D:/DEV/ESIF/Task2/ESIF_Task2/Subtask2/ESIFTask2_2.sdk/ESIFTask2_2_bd_wrapper_hw_platform_0/system.hdf'.
11:12:09 INFO  : 'configparams force-mem-access 1' command is executed.
11:12:09 INFO  : Context for 'APU' is selected.
11:12:09 INFO  : 'stop' command is executed.
11:12:09 INFO  : 'ps7_init' command is executed.
11:12:09 INFO  : 'ps7_post_config' command is executed.
11:12:09 INFO  : Context for processor 'ps7_cortexa9_0' is selected.
11:12:09 INFO  : Processor reset is completed for 'ps7_cortexa9_0'.
11:12:09 INFO  : Context for processor 'ps7_cortexa9_0' is selected.
11:12:10 INFO  : The application 'D:/DEV/ESIF/Task2/ESIF_Task2/Subtask2/ESIFTask2_2.sdk/ESIFTask2_2_app/Debug/ESIFTask2_2_app.elf' is downloaded to processor 'ps7_cortexa9_0'.
11:12:10 INFO  : 'configparams force-mem-access 0' command is executed.
11:12:10 INFO  : ----------------XSDB Script----------------
connect -url tcp:127.0.0.1:3121
source D:/DEV/ESIF/Task2/ESIF_Task2/Subtask2/ESIFTask2_2.sdk/ESIFTask2_2_bd_wrapper_hw_platform_0/ps7_init.tcl
targets -set -nocase -filter {name =~"APU*" && jtag_cable_name =~ "Digilent Zed 210248A49C81"} -index 0
loadhw -hw D:/DEV/ESIF/Task2/ESIF_Task2/Subtask2/ESIFTask2_2.sdk/ESIFTask2_2_bd_wrapper_hw_platform_0/system.hdf -mem-ranges [list {0x40000000 0xbfffffff}]
configparams force-mem-access 1
targets -set -nocase -filter {name =~"APU*" && jtag_cable_name =~ "Digilent Zed 210248A49C81"} -index 0
stop
ps7_init
ps7_post_config
targets -set -nocase -filter {name =~ "ARM*#0" && jtag_cable_name =~ "Digilent Zed 210248A49C81"} -index 0
rst -processor
targets -set -nocase -filter {name =~ "ARM*#0" && jtag_cable_name =~ "Digilent Zed 210248A49C81"} -index 0
dow D:/DEV/ESIF/Task2/ESIF_Task2/Subtask2/ESIFTask2_2.sdk/ESIFTask2_2_app/Debug/ESIFTask2_2_app.elf
configparams force-mem-access 0
----------------End of Script----------------

11:12:10 INFO  : Memory regions updated for context APU
11:12:10 INFO  : Context for processor 'ps7_cortexa9_0' is selected.
11:12:10 INFO  : 'con' command is executed.
11:12:10 INFO  : ----------------XSDB Script (After Launch)----------------
targets -set -nocase -filter {name =~ "ARM*#0" && jtag_cable_name =~ "Digilent Zed 210248A49C81"} -index 0
con
----------------End of Script----------------

11:12:10 INFO  : Launch script is exported to file 'D:\DEV\ESIF\Task2\ESIF_Task2\Subtask2\ESIFTask2_2.sdk\.sdk\launch_scripts\xilinx_c-c++_application_(system_debugger)\system_debugger_using_debug_esiftask2_2_app.elf_on_local.tcl'
11:21:23 INFO  : Disconnected from the channel tcfchan#4.
11:21:24 INFO  : 'targets -set -filter {jtag_cable_name =~ "Digilent Zed 210248A49C81" && level==0} -index 1' command is executed.
11:21:24 INFO  : 'fpga -state' command is executed.
11:21:24 INFO  : Connected to target on host '127.0.0.1' and port '3121'.
11:21:24 INFO  : Jtag cable 'Digilent Zed 210248A49C81' is selected.
11:21:24 INFO  : 'jtag frequency' command is executed.
11:21:24 INFO  : Sourcing of 'D:/DEV/ESIF/Task2/ESIF_Task2/Subtask2/ESIFTask2_2.sdk/ESIFTask2_2_bd_wrapper_hw_platform_0/ps7_init.tcl' is done.
11:21:24 INFO  : Context for 'APU' is selected.
11:21:27 INFO  : Hardware design information is loaded from 'D:/DEV/ESIF/Task2/ESIF_Task2/Subtask2/ESIFTask2_2.sdk/ESIFTask2_2_bd_wrapper_hw_platform_0/system.hdf'.
11:21:27 INFO  : 'configparams force-mem-access 1' command is executed.
11:21:27 INFO  : Context for 'APU' is selected.
11:21:27 INFO  : 'stop' command is executed.
11:21:27 INFO  : 'ps7_init' command is executed.
11:21:27 INFO  : 'ps7_post_config' command is executed.
11:21:27 INFO  : Context for processor 'ps7_cortexa9_0' is selected.
11:21:27 INFO  : Processor reset is completed for 'ps7_cortexa9_0'.
11:21:27 INFO  : Context for processor 'ps7_cortexa9_0' is selected.
11:21:27 INFO  : The application 'D:/DEV/ESIF/Task2/ESIF_Task2/Subtask2/ESIFTask2_2.sdk/ESIFTask2_2_app/Debug/ESIFTask2_2_app.elf' is downloaded to processor 'ps7_cortexa9_0'.
11:21:27 INFO  : 'configparams force-mem-access 0' command is executed.
11:21:27 INFO  : ----------------XSDB Script----------------
connect -url tcp:127.0.0.1:3121
source D:/DEV/ESIF/Task2/ESIF_Task2/Subtask2/ESIFTask2_2.sdk/ESIFTask2_2_bd_wrapper_hw_platform_0/ps7_init.tcl
targets -set -nocase -filter {name =~"APU*" && jtag_cable_name =~ "Digilent Zed 210248A49C81"} -index 0
loadhw -hw D:/DEV/ESIF/Task2/ESIF_Task2/Subtask2/ESIFTask2_2.sdk/ESIFTask2_2_bd_wrapper_hw_platform_0/system.hdf -mem-ranges [list {0x40000000 0xbfffffff}]
configparams force-mem-access 1
targets -set -nocase -filter {name =~"APU*" && jtag_cable_name =~ "Digilent Zed 210248A49C81"} -index 0
stop
ps7_init
ps7_post_config
targets -set -nocase -filter {name =~ "ARM*#0" && jtag_cable_name =~ "Digilent Zed 210248A49C81"} -index 0
rst -processor
targets -set -nocase -filter {name =~ "ARM*#0" && jtag_cable_name =~ "Digilent Zed 210248A49C81"} -index 0
dow D:/DEV/ESIF/Task2/ESIF_Task2/Subtask2/ESIFTask2_2.sdk/ESIFTask2_2_app/Debug/ESIFTask2_2_app.elf
configparams force-mem-access 0
----------------End of Script----------------

11:21:27 INFO  : Memory regions updated for context APU
11:21:27 INFO  : Context for processor 'ps7_cortexa9_0' is selected.
11:21:27 INFO  : 'con' command is executed.
11:21:27 INFO  : ----------------XSDB Script (After Launch)----------------
targets -set -nocase -filter {name =~ "ARM*#0" && jtag_cable_name =~ "Digilent Zed 210248A49C81"} -index 0
con
----------------End of Script----------------

11:21:27 INFO  : Launch script is exported to file 'D:\DEV\ESIF\Task2\ESIF_Task2\Subtask2\ESIFTask2_2.sdk\.sdk\launch_scripts\xilinx_c-c++_application_(system_debugger)\system_debugger_using_debug_esiftask2_2_app.elf_on_local.tcl'
11:22:52 INFO  : Disconnected from the channel tcfchan#5.
